[2024-06-03T13:34:26.147+0000] {processor.py:161} INFO - Started process (PID=4930) to work on /home/airflow/.local/lib/python3.8/site-packages/airflow/example_dags/example_branch_datetime_operator.py
[2024-06-03T13:34:26.149+0000] {processor.py:830} INFO - Processing file /home/airflow/.local/lib/python3.8/site-packages/airflow/example_dags/example_branch_datetime_operator.py for tasks to queue
[2024-06-03T13:34:26.150+0000] {logging_mixin.py:188} INFO - [2024-06-03T13:34:26.150+0000] {dagbag.py:538} INFO - Filling up the DagBag from /home/airflow/.local/lib/python3.8/site-packages/airflow/example_dags/example_branch_datetime_operator.py
[2024-06-03T13:34:26.168+0000] {processor.py:840} INFO - DAG(s) 'example_branch_datetime_operator_3', 'example_branch_datetime_operator_2', 'example_branch_datetime_operator' retrieved from /home/airflow/.local/lib/python3.8/site-packages/airflow/example_dags/example_branch_datetime_operator.py
[2024-06-03T13:34:26.213+0000] {logging_mixin.py:188} INFO - [2024-06-03T13:34:26.213+0000] {dag.py:3036} INFO - Sync 3 DAGs
[2024-06-03T13:34:26.256+0000] {logging_mixin.py:188} INFO - [2024-06-03T13:34:26.256+0000] {dag.py:3823} INFO - Setting next_dagrun for example_branch_datetime_operator to 2024-06-02 00:00:00+00:00, run_after=2024-06-03 00:00:00+00:00
[2024-06-03T13:34:26.267+0000] {logging_mixin.py:188} INFO - [2024-06-03T13:34:26.266+0000] {dag.py:3823} INFO - Setting next_dagrun for example_branch_datetime_operator_2 to 2024-06-02 00:00:00+00:00, run_after=2024-06-03 00:00:00+00:00
[2024-06-03T13:34:26.271+0000] {logging_mixin.py:188} INFO - [2024-06-03T13:34:26.271+0000] {dag.py:3823} INFO - Setting next_dagrun for example_branch_datetime_operator_3 to 2024-06-02 00:00:00+00:00, run_after=2024-06-03 00:00:00+00:00
[2024-06-03T13:34:26.298+0000] {processor.py:183} INFO - Processing /home/airflow/.local/lib/python3.8/site-packages/airflow/example_dags/example_branch_datetime_operator.py took 0.155 seconds
[2024-06-03T13:34:56.637+0000] {processor.py:161} INFO - Started process (PID=4997) to work on /home/airflow/.local/lib/python3.8/site-packages/airflow/example_dags/example_branch_datetime_operator.py
[2024-06-03T13:34:56.639+0000] {processor.py:830} INFO - Processing file /home/airflow/.local/lib/python3.8/site-packages/airflow/example_dags/example_branch_datetime_operator.py for tasks to queue
[2024-06-03T13:34:56.641+0000] {logging_mixin.py:188} INFO - [2024-06-03T13:34:56.640+0000] {dagbag.py:538} INFO - Filling up the DagBag from /home/airflow/.local/lib/python3.8/site-packages/airflow/example_dags/example_branch_datetime_operator.py
[2024-06-03T13:34:56.659+0000] {processor.py:840} INFO - DAG(s) 'example_branch_datetime_operator_3', 'example_branch_datetime_operator', 'example_branch_datetime_operator_2' retrieved from /home/airflow/.local/lib/python3.8/site-packages/airflow/example_dags/example_branch_datetime_operator.py
[2024-06-03T13:34:56.696+0000] {logging_mixin.py:188} INFO - [2024-06-03T13:34:56.695+0000] {dag.py:3036} INFO - Sync 3 DAGs
[2024-06-03T13:34:56.729+0000] {logging_mixin.py:188} INFO - [2024-06-03T13:34:56.729+0000] {dag.py:3823} INFO - Setting next_dagrun for example_branch_datetime_operator to 2024-06-02 00:00:00+00:00, run_after=2024-06-03 00:00:00+00:00
[2024-06-03T13:34:56.736+0000] {logging_mixin.py:188} INFO - [2024-06-03T13:34:56.735+0000] {dag.py:3823} INFO - Setting next_dagrun for example_branch_datetime_operator_2 to 2024-06-02 00:00:00+00:00, run_after=2024-06-03 00:00:00+00:00
[2024-06-03T13:34:56.739+0000] {logging_mixin.py:188} INFO - [2024-06-03T13:34:56.739+0000] {dag.py:3823} INFO - Setting next_dagrun for example_branch_datetime_operator_3 to 2024-06-02 00:00:00+00:00, run_after=2024-06-03 00:00:00+00:00
[2024-06-03T13:34:56.762+0000] {processor.py:183} INFO - Processing /home/airflow/.local/lib/python3.8/site-packages/airflow/example_dags/example_branch_datetime_operator.py took 0.132 seconds
[2024-06-03T13:35:27.029+0000] {processor.py:161} INFO - Started process (PID=5064) to work on /home/airflow/.local/lib/python3.8/site-packages/airflow/example_dags/example_branch_datetime_operator.py
[2024-06-03T13:35:27.031+0000] {processor.py:830} INFO - Processing file /home/airflow/.local/lib/python3.8/site-packages/airflow/example_dags/example_branch_datetime_operator.py for tasks to queue
[2024-06-03T13:35:27.032+0000] {logging_mixin.py:188} INFO - [2024-06-03T13:35:27.032+0000] {dagbag.py:538} INFO - Filling up the DagBag from /home/airflow/.local/lib/python3.8/site-packages/airflow/example_dags/example_branch_datetime_operator.py
[2024-06-03T13:35:27.048+0000] {processor.py:840} INFO - DAG(s) 'example_branch_datetime_operator', 'example_branch_datetime_operator_2', 'example_branch_datetime_operator_3' retrieved from /home/airflow/.local/lib/python3.8/site-packages/airflow/example_dags/example_branch_datetime_operator.py
[2024-06-03T13:35:27.091+0000] {logging_mixin.py:188} INFO - [2024-06-03T13:35:27.090+0000] {dag.py:3036} INFO - Sync 3 DAGs
[2024-06-03T13:35:27.123+0000] {logging_mixin.py:188} INFO - [2024-06-03T13:35:27.123+0000] {dag.py:3823} INFO - Setting next_dagrun for example_branch_datetime_operator to 2024-06-02 00:00:00+00:00, run_after=2024-06-03 00:00:00+00:00
[2024-06-03T13:35:27.130+0000] {logging_mixin.py:188} INFO - [2024-06-03T13:35:27.130+0000] {dag.py:3823} INFO - Setting next_dagrun for example_branch_datetime_operator_2 to 2024-06-02 00:00:00+00:00, run_after=2024-06-03 00:00:00+00:00
[2024-06-03T13:35:27.133+0000] {logging_mixin.py:188} INFO - [2024-06-03T13:35:27.133+0000] {dag.py:3823} INFO - Setting next_dagrun for example_branch_datetime_operator_3 to 2024-06-02 00:00:00+00:00, run_after=2024-06-03 00:00:00+00:00
[2024-06-03T13:35:27.154+0000] {processor.py:183} INFO - Processing /home/airflow/.local/lib/python3.8/site-packages/airflow/example_dags/example_branch_datetime_operator.py took 0.129 seconds
