[2024-06-03T13:34:28.806+0000] {processor.py:161} INFO - Started process (PID=4932) to work on /home/airflow/.local/lib/python3.8/site-packages/airflow/example_dags/example_branch_python_dop_operator_3.py
[2024-06-03T13:34:28.808+0000] {processor.py:830} INFO - Processing file /home/airflow/.local/lib/python3.8/site-packages/airflow/example_dags/example_branch_python_dop_operator_3.py for tasks to queue
[2024-06-03T13:34:28.810+0000] {logging_mixin.py:188} INFO - [2024-06-03T13:34:28.809+0000] {dagbag.py:538} INFO - Filling up the DagBag from /home/airflow/.local/lib/python3.8/site-packages/airflow/example_dags/example_branch_python_dop_operator_3.py
[2024-06-03T13:34:28.831+0000] {processor.py:840} INFO - DAG(s) 'example_branch_dop_operator_v3' retrieved from /home/airflow/.local/lib/python3.8/site-packages/airflow/example_dags/example_branch_python_dop_operator_3.py
[2024-06-03T13:34:28.868+0000] {logging_mixin.py:188} INFO - [2024-06-03T13:34:28.867+0000] {dag.py:3036} INFO - Sync 1 DAGs
[2024-06-03T13:34:28.906+0000] {logging_mixin.py:188} INFO - [2024-06-03T13:34:28.906+0000] {dag.py:3823} INFO - Setting next_dagrun for example_branch_dop_operator_v3 to 2024-06-03 13:33:00+00:00, run_after=2024-06-03 13:34:00+00:00
[2024-06-03T13:34:28.949+0000] {processor.py:183} INFO - Processing /home/airflow/.local/lib/python3.8/site-packages/airflow/example_dags/example_branch_python_dop_operator_3.py took 0.148 seconds
[2024-06-03T13:34:59.148+0000] {processor.py:161} INFO - Started process (PID=5006) to work on /home/airflow/.local/lib/python3.8/site-packages/airflow/example_dags/example_branch_python_dop_operator_3.py
[2024-06-03T13:34:59.150+0000] {processor.py:830} INFO - Processing file /home/airflow/.local/lib/python3.8/site-packages/airflow/example_dags/example_branch_python_dop_operator_3.py for tasks to queue
[2024-06-03T13:34:59.152+0000] {logging_mixin.py:188} INFO - [2024-06-03T13:34:59.152+0000] {dagbag.py:538} INFO - Filling up the DagBag from /home/airflow/.local/lib/python3.8/site-packages/airflow/example_dags/example_branch_python_dop_operator_3.py
[2024-06-03T13:34:59.174+0000] {processor.py:840} INFO - DAG(s) 'example_branch_dop_operator_v3' retrieved from /home/airflow/.local/lib/python3.8/site-packages/airflow/example_dags/example_branch_python_dop_operator_3.py
[2024-06-03T13:34:59.216+0000] {logging_mixin.py:188} INFO - [2024-06-03T13:34:59.216+0000] {dag.py:3036} INFO - Sync 1 DAGs
[2024-06-03T13:34:59.262+0000] {logging_mixin.py:188} INFO - [2024-06-03T13:34:59.261+0000] {dag.py:3823} INFO - Setting next_dagrun for example_branch_dop_operator_v3 to 2024-06-03 13:33:00+00:00, run_after=2024-06-03 13:34:00+00:00
[2024-06-03T13:34:59.304+0000] {processor.py:183} INFO - Processing /home/airflow/.local/lib/python3.8/site-packages/airflow/example_dags/example_branch_python_dop_operator_3.py took 0.161 seconds
[2024-06-03T13:35:30.230+0000] {processor.py:161} INFO - Started process (PID=5074) to work on /home/airflow/.local/lib/python3.8/site-packages/airflow/example_dags/example_branch_python_dop_operator_3.py
[2024-06-03T13:35:30.232+0000] {processor.py:830} INFO - Processing file /home/airflow/.local/lib/python3.8/site-packages/airflow/example_dags/example_branch_python_dop_operator_3.py for tasks to queue
[2024-06-03T13:35:30.233+0000] {logging_mixin.py:188} INFO - [2024-06-03T13:35:30.233+0000] {dagbag.py:538} INFO - Filling up the DagBag from /home/airflow/.local/lib/python3.8/site-packages/airflow/example_dags/example_branch_python_dop_operator_3.py
[2024-06-03T13:35:30.259+0000] {processor.py:840} INFO - DAG(s) 'example_branch_dop_operator_v3' retrieved from /home/airflow/.local/lib/python3.8/site-packages/airflow/example_dags/example_branch_python_dop_operator_3.py
[2024-06-03T13:35:30.297+0000] {logging_mixin.py:188} INFO - [2024-06-03T13:35:30.297+0000] {dag.py:3036} INFO - Sync 1 DAGs
[2024-06-03T13:35:30.349+0000] {logging_mixin.py:188} INFO - [2024-06-03T13:35:30.348+0000] {dag.py:3823} INFO - Setting next_dagrun for example_branch_dop_operator_v3 to 2024-06-03 13:34:00+00:00, run_after=2024-06-03 13:35:00+00:00
[2024-06-03T13:35:30.379+0000] {processor.py:183} INFO - Processing /home/airflow/.local/lib/python3.8/site-packages/airflow/example_dags/example_branch_python_dop_operator_3.py took 0.155 seconds
