[2024-06-03T13:34:32.092+0000] {processor.py:161} INFO - Started process (PID=4945) to work on /home/airflow/.local/lib/python3.8/site-packages/airflow/example_dags/example_subdag_operator.py
[2024-06-03T13:34:32.095+0000] {processor.py:830} INFO - Processing file /home/airflow/.local/lib/python3.8/site-packages/airflow/example_dags/example_subdag_operator.py for tasks to queue
[2024-06-03T13:34:32.097+0000] {logging_mixin.py:188} INFO - [2024-06-03T13:34:32.096+0000] {dagbag.py:538} INFO - Filling up the DagBag from /home/airflow/.local/lib/python3.8/site-packages/airflow/example_dags/example_subdag_operator.py
[2024-06-03T13:34:32.142+0000] {processor.py:840} INFO - DAG(s) 'example_subdag_operator.section-1', 'example_subdag_operator.section-2', 'example_subdag_operator' retrieved from /home/airflow/.local/lib/python3.8/site-packages/airflow/example_dags/example_subdag_operator.py
[2024-06-03T13:34:32.176+0000] {logging_mixin.py:188} INFO - [2024-06-03T13:34:32.175+0000] {dag.py:3036} INFO - Sync 3 DAGs
[2024-06-03T13:34:32.217+0000] {logging_mixin.py:188} INFO - [2024-06-03T13:34:32.216+0000] {dag.py:3823} INFO - Setting next_dagrun for example_subdag_operator to 2022-01-01 00:00:00+00:00, run_after=2022-01-01 00:00:00+00:00
[2024-06-03T13:34:32.224+0000] {logging_mixin.py:188} INFO - [2024-06-03T13:34:32.224+0000] {dag.py:3823} INFO - Setting next_dagrun for example_subdag_operator.section-1 to None, run_after=None
[2024-06-03T13:34:32.228+0000] {logging_mixin.py:188} INFO - [2024-06-03T13:34:32.227+0000] {dag.py:3823} INFO - Setting next_dagrun for example_subdag_operator.section-2 to None, run_after=None
[2024-06-03T13:34:32.241+0000] {logging_mixin.py:188} INFO - [2024-06-03T13:34:32.240+0000] {dag.py:3036} INFO - Sync 2 DAGs
[2024-06-03T13:34:32.249+0000] {logging_mixin.py:188} INFO - [2024-06-03T13:34:32.249+0000] {dag.py:3823} INFO - Setting next_dagrun for example_subdag_operator.section-1 to None, run_after=None
[2024-06-03T13:34:32.251+0000] {logging_mixin.py:188} INFO - [2024-06-03T13:34:32.250+0000] {dag.py:3823} INFO - Setting next_dagrun for example_subdag_operator.section-2 to None, run_after=None
[2024-06-03T13:34:32.275+0000] {processor.py:183} INFO - Processing /home/airflow/.local/lib/python3.8/site-packages/airflow/example_dags/example_subdag_operator.py took 0.191 seconds
[2024-06-03T13:35:02.795+0000] {processor.py:161} INFO - Started process (PID=5012) to work on /home/airflow/.local/lib/python3.8/site-packages/airflow/example_dags/example_subdag_operator.py
[2024-06-03T13:35:02.808+0000] {processor.py:830} INFO - Processing file /home/airflow/.local/lib/python3.8/site-packages/airflow/example_dags/example_subdag_operator.py for tasks to queue
[2024-06-03T13:35:02.811+0000] {logging_mixin.py:188} INFO - [2024-06-03T13:35:02.810+0000] {dagbag.py:538} INFO - Filling up the DagBag from /home/airflow/.local/lib/python3.8/site-packages/airflow/example_dags/example_subdag_operator.py
[2024-06-03T13:35:02.885+0000] {processor.py:840} INFO - DAG(s) 'example_subdag_operator.section-1', 'example_subdag_operator.section-2', 'example_subdag_operator' retrieved from /home/airflow/.local/lib/python3.8/site-packages/airflow/example_dags/example_subdag_operator.py
[2024-06-03T13:35:02.950+0000] {logging_mixin.py:188} INFO - [2024-06-03T13:35:02.950+0000] {dag.py:3036} INFO - Sync 3 DAGs
[2024-06-03T13:35:03.041+0000] {logging_mixin.py:188} INFO - [2024-06-03T13:35:03.041+0000] {dag.py:3823} INFO - Setting next_dagrun for example_subdag_operator to 2022-01-01 00:00:00+00:00, run_after=2022-01-01 00:00:00+00:00
[2024-06-03T13:35:03.058+0000] {logging_mixin.py:188} INFO - [2024-06-03T13:35:03.057+0000] {dag.py:3823} INFO - Setting next_dagrun for example_subdag_operator.section-1 to None, run_after=None
[2024-06-03T13:35:03.061+0000] {logging_mixin.py:188} INFO - [2024-06-03T13:35:03.061+0000] {dag.py:3823} INFO - Setting next_dagrun for example_subdag_operator.section-2 to None, run_after=None
[2024-06-03T13:35:03.082+0000] {logging_mixin.py:188} INFO - [2024-06-03T13:35:03.082+0000] {dag.py:3036} INFO - Sync 2 DAGs
[2024-06-03T13:35:03.100+0000] {logging_mixin.py:188} INFO - [2024-06-03T13:35:03.099+0000] {dag.py:3823} INFO - Setting next_dagrun for example_subdag_operator.section-1 to None, run_after=None
[2024-06-03T13:35:03.101+0000] {logging_mixin.py:188} INFO - [2024-06-03T13:35:03.101+0000] {dag.py:3823} INFO - Setting next_dagrun for example_subdag_operator.section-2 to None, run_after=None
[2024-06-03T13:35:03.133+0000] {processor.py:183} INFO - Processing /home/airflow/.local/lib/python3.8/site-packages/airflow/example_dags/example_subdag_operator.py took 0.345 seconds
