[2024-06-03T13:34:20.795+0000] {processor.py:161} INFO - Started process (PID=4925) to work on /home/airflow/.local/lib/python3.8/site-packages/airflow/example_dags/example_short_circuit_decorator.py
[2024-06-03T13:34:20.797+0000] {processor.py:830} INFO - Processing file /home/airflow/.local/lib/python3.8/site-packages/airflow/example_dags/example_short_circuit_decorator.py for tasks to queue
[2024-06-03T13:34:20.799+0000] {logging_mixin.py:188} INFO - [2024-06-03T13:34:20.798+0000] {dagbag.py:538} INFO - Filling up the DagBag from /home/airflow/.local/lib/python3.8/site-packages/airflow/example_dags/example_short_circuit_decorator.py
[2024-06-03T13:34:20.820+0000] {processor.py:840} INFO - DAG(s) 'example_short_circuit_decorator' retrieved from /home/airflow/.local/lib/python3.8/site-packages/airflow/example_dags/example_short_circuit_decorator.py
[2024-06-03T13:34:20.858+0000] {logging_mixin.py:188} INFO - [2024-06-03T13:34:20.858+0000] {dag.py:3036} INFO - Sync 1 DAGs
[2024-06-03T13:34:20.895+0000] {logging_mixin.py:188} INFO - [2024-06-03T13:34:20.894+0000] {dag.py:3823} INFO - Setting next_dagrun for example_short_circuit_decorator to 2024-06-02 00:00:00+00:00, run_after=2024-06-03 00:00:00+00:00
[2024-06-03T13:34:20.929+0000] {processor.py:183} INFO - Processing /home/airflow/.local/lib/python3.8/site-packages/airflow/example_dags/example_short_circuit_decorator.py took 0.140 seconds
[2024-06-03T13:34:51.477+0000] {processor.py:161} INFO - Started process (PID=4992) to work on /home/airflow/.local/lib/python3.8/site-packages/airflow/example_dags/example_short_circuit_decorator.py
[2024-06-03T13:34:51.479+0000] {processor.py:830} INFO - Processing file /home/airflow/.local/lib/python3.8/site-packages/airflow/example_dags/example_short_circuit_decorator.py for tasks to queue
[2024-06-03T13:34:51.481+0000] {logging_mixin.py:188} INFO - [2024-06-03T13:34:51.480+0000] {dagbag.py:538} INFO - Filling up the DagBag from /home/airflow/.local/lib/python3.8/site-packages/airflow/example_dags/example_short_circuit_decorator.py
[2024-06-03T13:34:51.496+0000] {processor.py:840} INFO - DAG(s) 'example_short_circuit_decorator' retrieved from /home/airflow/.local/lib/python3.8/site-packages/airflow/example_dags/example_short_circuit_decorator.py
[2024-06-03T13:34:51.531+0000] {logging_mixin.py:188} INFO - [2024-06-03T13:34:51.530+0000] {dag.py:3036} INFO - Sync 1 DAGs
[2024-06-03T13:34:51.576+0000] {logging_mixin.py:188} INFO - [2024-06-03T13:34:51.576+0000] {dag.py:3823} INFO - Setting next_dagrun for example_short_circuit_decorator to 2024-06-02 00:00:00+00:00, run_after=2024-06-03 00:00:00+00:00
[2024-06-03T13:34:51.611+0000] {processor.py:183} INFO - Processing /home/airflow/.local/lib/python3.8/site-packages/airflow/example_dags/example_short_circuit_decorator.py took 0.139 seconds
[2024-06-03T13:35:21.811+0000] {processor.py:161} INFO - Started process (PID=5059) to work on /home/airflow/.local/lib/python3.8/site-packages/airflow/example_dags/example_short_circuit_decorator.py
[2024-06-03T13:35:21.813+0000] {processor.py:830} INFO - Processing file /home/airflow/.local/lib/python3.8/site-packages/airflow/example_dags/example_short_circuit_decorator.py for tasks to queue
[2024-06-03T13:35:21.815+0000] {logging_mixin.py:188} INFO - [2024-06-03T13:35:21.814+0000] {dagbag.py:538} INFO - Filling up the DagBag from /home/airflow/.local/lib/python3.8/site-packages/airflow/example_dags/example_short_circuit_decorator.py
[2024-06-03T13:35:21.841+0000] {processor.py:840} INFO - DAG(s) 'example_short_circuit_decorator' retrieved from /home/airflow/.local/lib/python3.8/site-packages/airflow/example_dags/example_short_circuit_decorator.py
[2024-06-03T13:35:21.906+0000] {logging_mixin.py:188} INFO - [2024-06-03T13:35:21.906+0000] {dag.py:3036} INFO - Sync 1 DAGs
[2024-06-03T13:35:21.987+0000] {logging_mixin.py:188} INFO - [2024-06-03T13:35:21.987+0000] {dag.py:3823} INFO - Setting next_dagrun for example_short_circuit_decorator to 2024-06-02 00:00:00+00:00, run_after=2024-06-03 00:00:00+00:00
[2024-06-03T13:35:22.048+0000] {processor.py:183} INFO - Processing /home/airflow/.local/lib/python3.8/site-packages/airflow/example_dags/example_short_circuit_decorator.py took 0.246 seconds
