[2024-06-03T13:34:15.600+0000] {processor.py:161} INFO - Started process (PID=4907) to work on /home/airflow/.local/lib/python3.8/site-packages/airflow/example_dags/example_xcom.py
[2024-06-03T13:34:15.603+0000] {processor.py:830} INFO - Processing file /home/airflow/.local/lib/python3.8/site-packages/airflow/example_dags/example_xcom.py for tasks to queue
[2024-06-03T13:34:15.605+0000] {logging_mixin.py:188} INFO - [2024-06-03T13:34:15.604+0000] {dagbag.py:538} INFO - Filling up the DagBag from /home/airflow/.local/lib/python3.8/site-packages/airflow/example_dags/example_xcom.py
[2024-06-03T13:34:15.623+0000] {processor.py:840} INFO - DAG(s) 'example_xcom' retrieved from /home/airflow/.local/lib/python3.8/site-packages/airflow/example_dags/example_xcom.py
[2024-06-03T13:34:15.675+0000] {logging_mixin.py:188} INFO - [2024-06-03T13:34:15.674+0000] {dag.py:3036} INFO - Sync 1 DAGs
[2024-06-03T13:34:15.724+0000] {logging_mixin.py:188} INFO - [2024-06-03T13:34:15.724+0000] {dag.py:3823} INFO - Setting next_dagrun for example_xcom to 2021-01-01 00:00:00+00:00, run_after=2021-01-01 00:00:00+00:00
[2024-06-03T13:34:15.780+0000] {processor.py:183} INFO - Processing /home/airflow/.local/lib/python3.8/site-packages/airflow/example_dags/example_xcom.py took 0.185 seconds
[2024-06-03T13:34:45.954+0000] {processor.py:161} INFO - Started process (PID=4982) to work on /home/airflow/.local/lib/python3.8/site-packages/airflow/example_dags/example_xcom.py
[2024-06-03T13:34:45.958+0000] {processor.py:830} INFO - Processing file /home/airflow/.local/lib/python3.8/site-packages/airflow/example_dags/example_xcom.py for tasks to queue
[2024-06-03T13:34:45.960+0000] {logging_mixin.py:188} INFO - [2024-06-03T13:34:45.959+0000] {dagbag.py:538} INFO - Filling up the DagBag from /home/airflow/.local/lib/python3.8/site-packages/airflow/example_dags/example_xcom.py
[2024-06-03T13:34:45.993+0000] {processor.py:840} INFO - DAG(s) 'example_xcom' retrieved from /home/airflow/.local/lib/python3.8/site-packages/airflow/example_dags/example_xcom.py
[2024-06-03T13:34:46.074+0000] {logging_mixin.py:188} INFO - [2024-06-03T13:34:46.074+0000] {dag.py:3036} INFO - Sync 1 DAGs
[2024-06-03T13:34:46.137+0000] {logging_mixin.py:188} INFO - [2024-06-03T13:34:46.137+0000] {dag.py:3823} INFO - Setting next_dagrun for example_xcom to 2021-01-01 00:00:00+00:00, run_after=2021-01-01 00:00:00+00:00
[2024-06-03T13:34:46.176+0000] {processor.py:183} INFO - Processing /home/airflow/.local/lib/python3.8/site-packages/airflow/example_dags/example_xcom.py took 0.228 seconds
[2024-06-03T13:35:16.424+0000] {processor.py:161} INFO - Started process (PID=5049) to work on /home/airflow/.local/lib/python3.8/site-packages/airflow/example_dags/example_xcom.py
[2024-06-03T13:35:16.426+0000] {processor.py:830} INFO - Processing file /home/airflow/.local/lib/python3.8/site-packages/airflow/example_dags/example_xcom.py for tasks to queue
[2024-06-03T13:35:16.429+0000] {logging_mixin.py:188} INFO - [2024-06-03T13:35:16.428+0000] {dagbag.py:538} INFO - Filling up the DagBag from /home/airflow/.local/lib/python3.8/site-packages/airflow/example_dags/example_xcom.py
[2024-06-03T13:35:16.442+0000] {processor.py:840} INFO - DAG(s) 'example_xcom' retrieved from /home/airflow/.local/lib/python3.8/site-packages/airflow/example_dags/example_xcom.py
[2024-06-03T13:35:16.475+0000] {logging_mixin.py:188} INFO - [2024-06-03T13:35:16.475+0000] {dag.py:3036} INFO - Sync 1 DAGs
[2024-06-03T13:35:16.505+0000] {logging_mixin.py:188} INFO - [2024-06-03T13:35:16.505+0000] {dag.py:3823} INFO - Setting next_dagrun for example_xcom to 2021-01-01 00:00:00+00:00, run_after=2021-01-01 00:00:00+00:00
[2024-06-03T13:35:16.537+0000] {processor.py:183} INFO - Processing /home/airflow/.local/lib/python3.8/site-packages/airflow/example_dags/example_xcom.py took 0.117 seconds
