[2024-06-03T13:34:19.654+0000] {processor.py:161} INFO - Started process (PID=4924) to work on /home/airflow/.local/lib/python3.8/site-packages/airflow/example_dags/example_local_kubernetes_executor.py
[2024-06-03T13:34:19.657+0000] {processor.py:830} INFO - Processing file /home/airflow/.local/lib/python3.8/site-packages/airflow/example_dags/example_local_kubernetes_executor.py for tasks to queue
[2024-06-03T13:34:19.660+0000] {logging_mixin.py:188} INFO - [2024-06-03T13:34:19.659+0000] {dagbag.py:538} INFO - Filling up the DagBag from /home/airflow/.local/lib/python3.8/site-packages/airflow/example_dags/example_local_kubernetes_executor.py
[2024-06-03T13:34:19.681+0000] {processor.py:840} INFO - DAG(s) 'example_local_kubernetes_executor' retrieved from /home/airflow/.local/lib/python3.8/site-packages/airflow/example_dags/example_local_kubernetes_executor.py
[2024-06-03T13:34:19.769+0000] {logging_mixin.py:188} INFO - [2024-06-03T13:34:19.769+0000] {dag.py:3036} INFO - Sync 1 DAGs
[2024-06-03T13:34:19.802+0000] {logging_mixin.py:188} INFO - [2024-06-03T13:34:19.802+0000] {dag.py:3823} INFO - Setting next_dagrun for example_local_kubernetes_executor to None, run_after=None
[2024-06-03T13:34:19.853+0000] {processor.py:183} INFO - Processing /home/airflow/.local/lib/python3.8/site-packages/airflow/example_dags/example_local_kubernetes_executor.py took 0.212 seconds
[2024-06-03T13:34:50.261+0000] {processor.py:161} INFO - Started process (PID=4991) to work on /home/airflow/.local/lib/python3.8/site-packages/airflow/example_dags/example_local_kubernetes_executor.py
[2024-06-03T13:34:50.262+0000] {processor.py:830} INFO - Processing file /home/airflow/.local/lib/python3.8/site-packages/airflow/example_dags/example_local_kubernetes_executor.py for tasks to queue
[2024-06-03T13:34:50.264+0000] {logging_mixin.py:188} INFO - [2024-06-03T13:34:50.263+0000] {dagbag.py:538} INFO - Filling up the DagBag from /home/airflow/.local/lib/python3.8/site-packages/airflow/example_dags/example_local_kubernetes_executor.py
[2024-06-03T13:34:50.279+0000] {processor.py:840} INFO - DAG(s) 'example_local_kubernetes_executor' retrieved from /home/airflow/.local/lib/python3.8/site-packages/airflow/example_dags/example_local_kubernetes_executor.py
[2024-06-03T13:34:50.341+0000] {logging_mixin.py:188} INFO - [2024-06-03T13:34:50.340+0000] {dag.py:3036} INFO - Sync 1 DAGs
[2024-06-03T13:34:50.363+0000] {logging_mixin.py:188} INFO - [2024-06-03T13:34:50.363+0000] {dag.py:3823} INFO - Setting next_dagrun for example_local_kubernetes_executor to None, run_after=None
[2024-06-03T13:34:50.397+0000] {processor.py:183} INFO - Processing /home/airflow/.local/lib/python3.8/site-packages/airflow/example_dags/example_local_kubernetes_executor.py took 0.140 seconds
[2024-06-03T13:35:21.251+0000] {processor.py:161} INFO - Started process (PID=5058) to work on /home/airflow/.local/lib/python3.8/site-packages/airflow/example_dags/example_local_kubernetes_executor.py
[2024-06-03T13:35:21.253+0000] {processor.py:830} INFO - Processing file /home/airflow/.local/lib/python3.8/site-packages/airflow/example_dags/example_local_kubernetes_executor.py for tasks to queue
[2024-06-03T13:35:21.293+0000] {logging_mixin.py:188} INFO - [2024-06-03T13:35:21.293+0000] {dagbag.py:538} INFO - Filling up the DagBag from /home/airflow/.local/lib/python3.8/site-packages/airflow/example_dags/example_local_kubernetes_executor.py
[2024-06-03T13:35:21.318+0000] {processor.py:840} INFO - DAG(s) 'example_local_kubernetes_executor' retrieved from /home/airflow/.local/lib/python3.8/site-packages/airflow/example_dags/example_local_kubernetes_executor.py
[2024-06-03T13:35:21.425+0000] {logging_mixin.py:188} INFO - [2024-06-03T13:35:21.424+0000] {dag.py:3036} INFO - Sync 1 DAGs
[2024-06-03T13:35:21.452+0000] {logging_mixin.py:188} INFO - [2024-06-03T13:35:21.452+0000] {dag.py:3823} INFO - Setting next_dagrun for example_local_kubernetes_executor to None, run_after=None
[2024-06-03T13:35:21.509+0000] {processor.py:183} INFO - Processing /home/airflow/.local/lib/python3.8/site-packages/airflow/example_dags/example_local_kubernetes_executor.py took 0.272 seconds
