[2024-06-03T13:34:10.771+0000] {processor.py:161} INFO - Started process (PID=4900) to work on /home/airflow/.local/lib/python3.8/site-packages/airflow/example_dags/example_nested_branch_dag.py
[2024-06-03T13:34:10.775+0000] {processor.py:830} INFO - Processing file /home/airflow/.local/lib/python3.8/site-packages/airflow/example_dags/example_nested_branch_dag.py for tasks to queue
[2024-06-03T13:34:10.783+0000] {logging_mixin.py:188} INFO - [2024-06-03T13:34:10.777+0000] {dagbag.py:538} INFO - Filling up the DagBag from /home/airflow/.local/lib/python3.8/site-packages/airflow/example_dags/example_nested_branch_dag.py
[2024-06-03T13:34:10.821+0000] {processor.py:840} INFO - DAG(s) 'example_nested_branch_dag' retrieved from /home/airflow/.local/lib/python3.8/site-packages/airflow/example_dags/example_nested_branch_dag.py
[2024-06-03T13:34:10.883+0000] {logging_mixin.py:188} INFO - [2024-06-03T13:34:10.883+0000] {dag.py:3036} INFO - Sync 1 DAGs
[2024-06-03T13:34:10.939+0000] {logging_mixin.py:188} INFO - [2024-06-03T13:34:10.938+0000] {dag.py:3823} INFO - Setting next_dagrun for example_nested_branch_dag to 2024-06-02 00:00:00+00:00, run_after=2024-06-03 00:00:00+00:00
[2024-06-03T13:34:11.009+0000] {processor.py:183} INFO - Processing /home/airflow/.local/lib/python3.8/site-packages/airflow/example_dags/example_nested_branch_dag.py took 0.244 seconds
[2024-06-03T13:34:41.080+0000] {processor.py:161} INFO - Started process (PID=4967) to work on /home/airflow/.local/lib/python3.8/site-packages/airflow/example_dags/example_nested_branch_dag.py
[2024-06-03T13:34:41.082+0000] {processor.py:830} INFO - Processing file /home/airflow/.local/lib/python3.8/site-packages/airflow/example_dags/example_nested_branch_dag.py for tasks to queue
[2024-06-03T13:34:41.083+0000] {logging_mixin.py:188} INFO - [2024-06-03T13:34:41.083+0000] {dagbag.py:538} INFO - Filling up the DagBag from /home/airflow/.local/lib/python3.8/site-packages/airflow/example_dags/example_nested_branch_dag.py
[2024-06-03T13:34:41.098+0000] {processor.py:840} INFO - DAG(s) 'example_nested_branch_dag' retrieved from /home/airflow/.local/lib/python3.8/site-packages/airflow/example_dags/example_nested_branch_dag.py
[2024-06-03T13:34:41.132+0000] {logging_mixin.py:188} INFO - [2024-06-03T13:34:41.131+0000] {dag.py:3036} INFO - Sync 1 DAGs
[2024-06-03T13:34:41.179+0000] {logging_mixin.py:188} INFO - [2024-06-03T13:34:41.178+0000] {dag.py:3823} INFO - Setting next_dagrun for example_nested_branch_dag to 2024-06-02 00:00:00+00:00, run_after=2024-06-03 00:00:00+00:00
[2024-06-03T13:34:41.219+0000] {processor.py:183} INFO - Processing /home/airflow/.local/lib/python3.8/site-packages/airflow/example_dags/example_nested_branch_dag.py took 0.143 seconds
[2024-06-03T13:35:11.679+0000] {processor.py:161} INFO - Started process (PID=5034) to work on /home/airflow/.local/lib/python3.8/site-packages/airflow/example_dags/example_nested_branch_dag.py
[2024-06-03T13:35:11.680+0000] {processor.py:830} INFO - Processing file /home/airflow/.local/lib/python3.8/site-packages/airflow/example_dags/example_nested_branch_dag.py for tasks to queue
[2024-06-03T13:35:11.683+0000] {logging_mixin.py:188} INFO - [2024-06-03T13:35:11.682+0000] {dagbag.py:538} INFO - Filling up the DagBag from /home/airflow/.local/lib/python3.8/site-packages/airflow/example_dags/example_nested_branch_dag.py
[2024-06-03T13:35:11.700+0000] {processor.py:840} INFO - DAG(s) 'example_nested_branch_dag' retrieved from /home/airflow/.local/lib/python3.8/site-packages/airflow/example_dags/example_nested_branch_dag.py
[2024-06-03T13:35:11.728+0000] {logging_mixin.py:188} INFO - [2024-06-03T13:35:11.728+0000] {dag.py:3036} INFO - Sync 1 DAGs
[2024-06-03T13:35:11.754+0000] {logging_mixin.py:188} INFO - [2024-06-03T13:35:11.754+0000] {dag.py:3823} INFO - Setting next_dagrun for example_nested_branch_dag to 2024-06-02 00:00:00+00:00, run_after=2024-06-03 00:00:00+00:00
[2024-06-03T13:35:11.782+0000] {processor.py:183} INFO - Processing /home/airflow/.local/lib/python3.8/site-packages/airflow/example_dags/example_nested_branch_dag.py took 0.107 seconds
