[2024-06-03T13:34:21.951+0000] {processor.py:161} INFO - Started process (PID=4926) to work on /home/airflow/.local/lib/python3.8/site-packages/airflow/example_dags/example_short_circuit_operator.py
[2024-06-03T13:34:21.953+0000] {processor.py:830} INFO - Processing file /home/airflow/.local/lib/python3.8/site-packages/airflow/example_dags/example_short_circuit_operator.py for tasks to queue
[2024-06-03T13:34:21.954+0000] {logging_mixin.py:188} INFO - [2024-06-03T13:34:21.954+0000] {dagbag.py:538} INFO - Filling up the DagBag from /home/airflow/.local/lib/python3.8/site-packages/airflow/example_dags/example_short_circuit_operator.py
[2024-06-03T13:34:21.970+0000] {processor.py:840} INFO - DAG(s) 'example_short_circuit_operator' retrieved from /home/airflow/.local/lib/python3.8/site-packages/airflow/example_dags/example_short_circuit_operator.py
[2024-06-03T13:34:22.000+0000] {logging_mixin.py:188} INFO - [2024-06-03T13:34:22.000+0000] {dag.py:3036} INFO - Sync 1 DAGs
[2024-06-03T13:34:22.026+0000] {logging_mixin.py:188} INFO - [2024-06-03T13:34:22.026+0000] {dag.py:3823} INFO - Setting next_dagrun for example_short_circuit_operator to 2024-06-02 00:00:00+00:00, run_after=2024-06-03 00:00:00+00:00
[2024-06-03T13:34:22.058+0000] {processor.py:183} INFO - Processing /home/airflow/.local/lib/python3.8/site-packages/airflow/example_dags/example_short_circuit_operator.py took 0.111 seconds
[2024-06-03T13:34:52.533+0000] {processor.py:161} INFO - Started process (PID=4993) to work on /home/airflow/.local/lib/python3.8/site-packages/airflow/example_dags/example_short_circuit_operator.py
[2024-06-03T13:34:52.536+0000] {processor.py:830} INFO - Processing file /home/airflow/.local/lib/python3.8/site-packages/airflow/example_dags/example_short_circuit_operator.py for tasks to queue
[2024-06-03T13:34:52.538+0000] {logging_mixin.py:188} INFO - [2024-06-03T13:34:52.538+0000] {dagbag.py:538} INFO - Filling up the DagBag from /home/airflow/.local/lib/python3.8/site-packages/airflow/example_dags/example_short_circuit_operator.py
[2024-06-03T13:34:52.552+0000] {processor.py:840} INFO - DAG(s) 'example_short_circuit_operator' retrieved from /home/airflow/.local/lib/python3.8/site-packages/airflow/example_dags/example_short_circuit_operator.py
[2024-06-03T13:34:52.619+0000] {logging_mixin.py:188} INFO - [2024-06-03T13:34:52.618+0000] {dag.py:3036} INFO - Sync 1 DAGs
[2024-06-03T13:34:52.675+0000] {logging_mixin.py:188} INFO - [2024-06-03T13:34:52.674+0000] {dag.py:3823} INFO - Setting next_dagrun for example_short_circuit_operator to 2024-06-02 00:00:00+00:00, run_after=2024-06-03 00:00:00+00:00
[2024-06-03T13:34:52.748+0000] {processor.py:183} INFO - Processing /home/airflow/.local/lib/python3.8/site-packages/airflow/example_dags/example_short_circuit_operator.py took 0.221 seconds
[2024-06-03T13:35:22.808+0000] {processor.py:161} INFO - Started process (PID=5060) to work on /home/airflow/.local/lib/python3.8/site-packages/airflow/example_dags/example_short_circuit_operator.py
[2024-06-03T13:35:22.810+0000] {processor.py:830} INFO - Processing file /home/airflow/.local/lib/python3.8/site-packages/airflow/example_dags/example_short_circuit_operator.py for tasks to queue
[2024-06-03T13:35:22.812+0000] {logging_mixin.py:188} INFO - [2024-06-03T13:35:22.812+0000] {dagbag.py:538} INFO - Filling up the DagBag from /home/airflow/.local/lib/python3.8/site-packages/airflow/example_dags/example_short_circuit_operator.py
[2024-06-03T13:35:22.823+0000] {processor.py:840} INFO - DAG(s) 'example_short_circuit_operator' retrieved from /home/airflow/.local/lib/python3.8/site-packages/airflow/example_dags/example_short_circuit_operator.py
[2024-06-03T13:35:22.856+0000] {logging_mixin.py:188} INFO - [2024-06-03T13:35:22.855+0000] {dag.py:3036} INFO - Sync 1 DAGs
[2024-06-03T13:35:22.891+0000] {logging_mixin.py:188} INFO - [2024-06-03T13:35:22.891+0000] {dag.py:3823} INFO - Setting next_dagrun for example_short_circuit_operator to 2024-06-02 00:00:00+00:00, run_after=2024-06-03 00:00:00+00:00
[2024-06-03T13:35:22.921+0000] {processor.py:183} INFO - Processing /home/airflow/.local/lib/python3.8/site-packages/airflow/example_dags/example_short_circuit_operator.py took 0.118 seconds
