[2024-06-03T13:34:14.352+0000] {processor.py:161} INFO - Started process (PID=4905) to work on /home/airflow/.local/lib/python3.8/site-packages/airflow/example_dags/example_latest_only.py
[2024-06-03T13:34:14.357+0000] {processor.py:830} INFO - Processing file /home/airflow/.local/lib/python3.8/site-packages/airflow/example_dags/example_latest_only.py for tasks to queue
[2024-06-03T13:34:14.359+0000] {logging_mixin.py:188} INFO - [2024-06-03T13:34:14.358+0000] {dagbag.py:538} INFO - Filling up the DagBag from /home/airflow/.local/lib/python3.8/site-packages/airflow/example_dags/example_latest_only.py
[2024-06-03T13:34:14.370+0000] {processor.py:840} INFO - DAG(s) 'latest_only' retrieved from /home/airflow/.local/lib/python3.8/site-packages/airflow/example_dags/example_latest_only.py
[2024-06-03T13:34:14.422+0000] {logging_mixin.py:188} INFO - [2024-06-03T13:34:14.420+0000] {dag.py:3036} INFO - Sync 1 DAGs
[2024-06-03T13:34:14.490+0000] {logging_mixin.py:188} INFO - [2024-06-03T13:34:14.489+0000] {dag.py:3823} INFO - Setting next_dagrun for latest_only to 2024-06-03 08:00:00+00:00, run_after=2024-06-03 12:00:00+00:00
[2024-06-03T13:34:14.531+0000] {processor.py:183} INFO - Processing /home/airflow/.local/lib/python3.8/site-packages/airflow/example_dags/example_latest_only.py took 0.190 seconds
[2024-06-03T13:34:44.734+0000] {processor.py:161} INFO - Started process (PID=4979) to work on /home/airflow/.local/lib/python3.8/site-packages/airflow/example_dags/example_latest_only.py
[2024-06-03T13:34:44.735+0000] {processor.py:830} INFO - Processing file /home/airflow/.local/lib/python3.8/site-packages/airflow/example_dags/example_latest_only.py for tasks to queue
[2024-06-03T13:34:44.737+0000] {logging_mixin.py:188} INFO - [2024-06-03T13:34:44.736+0000] {dagbag.py:538} INFO - Filling up the DagBag from /home/airflow/.local/lib/python3.8/site-packages/airflow/example_dags/example_latest_only.py
[2024-06-03T13:34:44.747+0000] {processor.py:840} INFO - DAG(s) 'latest_only' retrieved from /home/airflow/.local/lib/python3.8/site-packages/airflow/example_dags/example_latest_only.py
[2024-06-03T13:34:44.786+0000] {logging_mixin.py:188} INFO - [2024-06-03T13:34:44.786+0000] {dag.py:3036} INFO - Sync 1 DAGs
[2024-06-03T13:34:44.824+0000] {logging_mixin.py:188} INFO - [2024-06-03T13:34:44.824+0000] {dag.py:3823} INFO - Setting next_dagrun for latest_only to 2024-06-03 08:00:00+00:00, run_after=2024-06-03 12:00:00+00:00
[2024-06-03T13:34:44.872+0000] {processor.py:183} INFO - Processing /home/airflow/.local/lib/python3.8/site-packages/airflow/example_dags/example_latest_only.py took 0.143 seconds
[2024-06-03T13:35:15.204+0000] {processor.py:161} INFO - Started process (PID=5047) to work on /home/airflow/.local/lib/python3.8/site-packages/airflow/example_dags/example_latest_only.py
[2024-06-03T13:35:15.207+0000] {processor.py:830} INFO - Processing file /home/airflow/.local/lib/python3.8/site-packages/airflow/example_dags/example_latest_only.py for tasks to queue
[2024-06-03T13:35:15.210+0000] {logging_mixin.py:188} INFO - [2024-06-03T13:35:15.209+0000] {dagbag.py:538} INFO - Filling up the DagBag from /home/airflow/.local/lib/python3.8/site-packages/airflow/example_dags/example_latest_only.py
[2024-06-03T13:35:15.218+0000] {processor.py:840} INFO - DAG(s) 'latest_only' retrieved from /home/airflow/.local/lib/python3.8/site-packages/airflow/example_dags/example_latest_only.py
[2024-06-03T13:35:15.257+0000] {logging_mixin.py:188} INFO - [2024-06-03T13:35:15.257+0000] {dag.py:3036} INFO - Sync 1 DAGs
[2024-06-03T13:35:15.303+0000] {logging_mixin.py:188} INFO - [2024-06-03T13:35:15.302+0000] {dag.py:3823} INFO - Setting next_dagrun for latest_only to 2024-06-03 08:00:00+00:00, run_after=2024-06-03 12:00:00+00:00
[2024-06-03T13:35:15.350+0000] {processor.py:183} INFO - Processing /home/airflow/.local/lib/python3.8/site-packages/airflow/example_dags/example_latest_only.py took 0.156 seconds
