[2024-06-03T13:34:28.363+0000] {processor.py:161} INFO - Started process (PID=4931) to work on /home/airflow/.local/lib/python3.8/site-packages/airflow/example_dags/example_sla_dag.py
[2024-06-03T13:34:28.365+0000] {processor.py:830} INFO - Processing file /home/airflow/.local/lib/python3.8/site-packages/airflow/example_dags/example_sla_dag.py for tasks to queue
[2024-06-03T13:34:28.366+0000] {logging_mixin.py:188} INFO - [2024-06-03T13:34:28.366+0000] {dagbag.py:538} INFO - Filling up the DagBag from /home/airflow/.local/lib/python3.8/site-packages/airflow/example_dags/example_sla_dag.py
[2024-06-03T13:34:28.377+0000] {processor.py:840} INFO - DAG(s) 'example_sla_dag' retrieved from /home/airflow/.local/lib/python3.8/site-packages/airflow/example_dags/example_sla_dag.py
[2024-06-03T13:34:28.407+0000] {logging_mixin.py:188} INFO - [2024-06-03T13:34:28.407+0000] {dag.py:3036} INFO - Sync 1 DAGs
[2024-06-03T13:34:28.506+0000] {logging_mixin.py:188} INFO - [2024-06-03T13:34:28.506+0000] {dag.py:3823} INFO - Setting next_dagrun for example_sla_dag to 2024-06-03 13:32:00+00:00, run_after=2024-06-03 13:34:00+00:00
[2024-06-03T13:34:28.699+0000] {processor.py:183} INFO - Processing /home/airflow/.local/lib/python3.8/site-packages/airflow/example_dags/example_sla_dag.py took 0.340 seconds
[2024-06-03T13:34:58.836+0000] {processor.py:161} INFO - Started process (PID=5005) to work on /home/airflow/.local/lib/python3.8/site-packages/airflow/example_dags/example_sla_dag.py
[2024-06-03T13:34:58.838+0000] {processor.py:830} INFO - Processing file /home/airflow/.local/lib/python3.8/site-packages/airflow/example_dags/example_sla_dag.py for tasks to queue
[2024-06-03T13:34:58.845+0000] {logging_mixin.py:188} INFO - [2024-06-03T13:34:58.845+0000] {dagbag.py:538} INFO - Filling up the DagBag from /home/airflow/.local/lib/python3.8/site-packages/airflow/example_dags/example_sla_dag.py
[2024-06-03T13:34:58.865+0000] {processor.py:840} INFO - DAG(s) 'example_sla_dag' retrieved from /home/airflow/.local/lib/python3.8/site-packages/airflow/example_dags/example_sla_dag.py
[2024-06-03T13:34:58.928+0000] {logging_mixin.py:188} INFO - [2024-06-03T13:34:58.928+0000] {dag.py:3036} INFO - Sync 1 DAGs
[2024-06-03T13:34:59.038+0000] {logging_mixin.py:188} INFO - [2024-06-03T13:34:59.038+0000] {dag.py:3823} INFO - Setting next_dagrun for example_sla_dag to 2024-06-03 13:32:00+00:00, run_after=2024-06-03 13:34:00+00:00
[2024-06-03T13:34:59.086+0000] {processor.py:183} INFO - Processing /home/airflow/.local/lib/python3.8/site-packages/airflow/example_dags/example_sla_dag.py took 0.257 seconds
[2024-06-03T13:35:29.208+0000] {processor.py:161} INFO - Started process (PID=5073) to work on /home/airflow/.local/lib/python3.8/site-packages/airflow/example_dags/example_sla_dag.py
[2024-06-03T13:35:29.210+0000] {processor.py:830} INFO - Processing file /home/airflow/.local/lib/python3.8/site-packages/airflow/example_dags/example_sla_dag.py for tasks to queue
[2024-06-03T13:35:29.211+0000] {logging_mixin.py:188} INFO - [2024-06-03T13:35:29.211+0000] {dagbag.py:538} INFO - Filling up the DagBag from /home/airflow/.local/lib/python3.8/site-packages/airflow/example_dags/example_sla_dag.py
[2024-06-03T13:35:29.224+0000] {processor.py:840} INFO - DAG(s) 'example_sla_dag' retrieved from /home/airflow/.local/lib/python3.8/site-packages/airflow/example_dags/example_sla_dag.py
[2024-06-03T13:35:29.247+0000] {logging_mixin.py:188} INFO - [2024-06-03T13:35:29.247+0000] {dag.py:3036} INFO - Sync 1 DAGs
[2024-06-03T13:35:29.275+0000] {logging_mixin.py:188} INFO - [2024-06-03T13:35:29.275+0000] {dag.py:3823} INFO - Setting next_dagrun for example_sla_dag to 2024-06-03 13:32:00+00:00, run_after=2024-06-03 13:34:00+00:00
[2024-06-03T13:35:29.301+0000] {processor.py:183} INFO - Processing /home/airflow/.local/lib/python3.8/site-packages/airflow/example_dags/example_sla_dag.py took 0.097 seconds
