[2024-06-03T13:34:13.303+0000] {processor.py:161} INFO - Started process (PID=4903) to work on /home/airflow/.local/lib/python3.8/site-packages/airflow/example_dags/example_python_operator.py
[2024-06-03T13:34:13.304+0000] {processor.py:830} INFO - Processing file /home/airflow/.local/lib/python3.8/site-packages/airflow/example_dags/example_python_operator.py for tasks to queue
[2024-06-03T13:34:13.307+0000] {logging_mixin.py:188} INFO - [2024-06-03T13:34:13.306+0000] {dagbag.py:538} INFO - Filling up the DagBag from /home/airflow/.local/lib/python3.8/site-packages/airflow/example_dags/example_python_operator.py
[2024-06-03T13:34:13.327+0000] {processor.py:840} INFO - DAG(s) 'example_python_operator' retrieved from /home/airflow/.local/lib/python3.8/site-packages/airflow/example_dags/example_python_operator.py
[2024-06-03T13:34:13.378+0000] {logging_mixin.py:188} INFO - [2024-06-03T13:34:13.377+0000] {dag.py:3036} INFO - Sync 1 DAGs
[2024-06-03T13:34:13.403+0000] {logging_mixin.py:188} INFO - [2024-06-03T13:34:13.403+0000] {dag.py:3823} INFO - Setting next_dagrun for example_python_operator to None, run_after=None
[2024-06-03T13:34:13.447+0000] {processor.py:183} INFO - Processing /home/airflow/.local/lib/python3.8/site-packages/airflow/example_dags/example_python_operator.py took 0.149 seconds
[2024-06-03T13:34:43.505+0000] {processor.py:161} INFO - Started process (PID=4969) to work on /home/airflow/.local/lib/python3.8/site-packages/airflow/example_dags/example_python_operator.py
[2024-06-03T13:34:43.507+0000] {processor.py:830} INFO - Processing file /home/airflow/.local/lib/python3.8/site-packages/airflow/example_dags/example_python_operator.py for tasks to queue
[2024-06-03T13:34:43.509+0000] {logging_mixin.py:188} INFO - [2024-06-03T13:34:43.508+0000] {dagbag.py:538} INFO - Filling up the DagBag from /home/airflow/.local/lib/python3.8/site-packages/airflow/example_dags/example_python_operator.py
[2024-06-03T13:34:43.546+0000] {processor.py:840} INFO - DAG(s) 'example_python_operator' retrieved from /home/airflow/.local/lib/python3.8/site-packages/airflow/example_dags/example_python_operator.py
[2024-06-03T13:34:43.603+0000] {logging_mixin.py:188} INFO - [2024-06-03T13:34:43.602+0000] {dag.py:3036} INFO - Sync 1 DAGs
[2024-06-03T13:34:43.625+0000] {logging_mixin.py:188} INFO - [2024-06-03T13:34:43.625+0000] {dag.py:3823} INFO - Setting next_dagrun for example_python_operator to None, run_after=None
[2024-06-03T13:34:43.672+0000] {processor.py:183} INFO - Processing /home/airflow/.local/lib/python3.8/site-packages/airflow/example_dags/example_python_operator.py took 0.173 seconds
[2024-06-03T13:35:13.862+0000] {processor.py:161} INFO - Started process (PID=5036) to work on /home/airflow/.local/lib/python3.8/site-packages/airflow/example_dags/example_python_operator.py
[2024-06-03T13:35:13.864+0000] {processor.py:830} INFO - Processing file /home/airflow/.local/lib/python3.8/site-packages/airflow/example_dags/example_python_operator.py for tasks to queue
[2024-06-03T13:35:13.866+0000] {logging_mixin.py:188} INFO - [2024-06-03T13:35:13.865+0000] {dagbag.py:538} INFO - Filling up the DagBag from /home/airflow/.local/lib/python3.8/site-packages/airflow/example_dags/example_python_operator.py
[2024-06-03T13:35:13.897+0000] {processor.py:840} INFO - DAG(s) 'example_python_operator' retrieved from /home/airflow/.local/lib/python3.8/site-packages/airflow/example_dags/example_python_operator.py
[2024-06-03T13:35:13.958+0000] {logging_mixin.py:188} INFO - [2024-06-03T13:35:13.951+0000] {dag.py:3036} INFO - Sync 1 DAGs
[2024-06-03T13:35:13.989+0000] {logging_mixin.py:188} INFO - [2024-06-03T13:35:13.988+0000] {dag.py:3823} INFO - Setting next_dagrun for example_python_operator to None, run_after=None
[2024-06-03T13:35:14.085+0000] {processor.py:183} INFO - Processing /home/airflow/.local/lib/python3.8/site-packages/airflow/example_dags/example_python_operator.py took 0.230 seconds
