[2024-06-03T13:34:15.600+0000] {processor.py:161} INFO - Started process (PID=4908) to work on /home/airflow/.local/lib/python3.8/site-packages/airflow/example_dags/example_python_decorator.py
[2024-06-03T13:34:15.606+0000] {processor.py:830} INFO - Processing file /home/airflow/.local/lib/python3.8/site-packages/airflow/example_dags/example_python_decorator.py for tasks to queue
[2024-06-03T13:34:15.609+0000] {logging_mixin.py:188} INFO - [2024-06-03T13:34:15.608+0000] {dagbag.py:538} INFO - Filling up the DagBag from /home/airflow/.local/lib/python3.8/site-packages/airflow/example_dags/example_python_decorator.py
[2024-06-03T13:34:15.653+0000] {processor.py:840} INFO - DAG(s) 'example_python_decorator' retrieved from /home/airflow/.local/lib/python3.8/site-packages/airflow/example_dags/example_python_decorator.py
[2024-06-03T13:34:15.714+0000] {logging_mixin.py:188} INFO - [2024-06-03T13:34:15.714+0000] {dag.py:3036} INFO - Sync 1 DAGs
[2024-06-03T13:34:15.735+0000] {logging_mixin.py:188} INFO - [2024-06-03T13:34:15.735+0000] {dag.py:3823} INFO - Setting next_dagrun for example_python_decorator to None, run_after=None
[2024-06-03T13:34:15.777+0000] {processor.py:183} INFO - Processing /home/airflow/.local/lib/python3.8/site-packages/airflow/example_dags/example_python_decorator.py took 0.182 seconds
[2024-06-03T13:34:45.980+0000] {processor.py:161} INFO - Started process (PID=4983) to work on /home/airflow/.local/lib/python3.8/site-packages/airflow/example_dags/example_python_decorator.py
[2024-06-03T13:34:45.981+0000] {processor.py:830} INFO - Processing file /home/airflow/.local/lib/python3.8/site-packages/airflow/example_dags/example_python_decorator.py for tasks to queue
[2024-06-03T13:34:45.983+0000] {logging_mixin.py:188} INFO - [2024-06-03T13:34:45.983+0000] {dagbag.py:538} INFO - Filling up the DagBag from /home/airflow/.local/lib/python3.8/site-packages/airflow/example_dags/example_python_decorator.py
[2024-06-03T13:34:46.065+0000] {processor.py:840} INFO - DAG(s) 'example_python_decorator' retrieved from /home/airflow/.local/lib/python3.8/site-packages/airflow/example_dags/example_python_decorator.py
[2024-06-03T13:34:46.115+0000] {logging_mixin.py:188} INFO - [2024-06-03T13:34:46.114+0000] {dag.py:3036} INFO - Sync 1 DAGs
[2024-06-03T13:34:46.138+0000] {logging_mixin.py:188} INFO - [2024-06-03T13:34:46.138+0000] {dag.py:3823} INFO - Setting next_dagrun for example_python_decorator to None, run_after=None
[2024-06-03T13:34:46.174+0000] {processor.py:183} INFO - Processing /home/airflow/.local/lib/python3.8/site-packages/airflow/example_dags/example_python_decorator.py took 0.207 seconds
[2024-06-03T13:35:16.429+0000] {processor.py:161} INFO - Started process (PID=5050) to work on /home/airflow/.local/lib/python3.8/site-packages/airflow/example_dags/example_python_decorator.py
[2024-06-03T13:35:16.431+0000] {processor.py:830} INFO - Processing file /home/airflow/.local/lib/python3.8/site-packages/airflow/example_dags/example_python_decorator.py for tasks to queue
[2024-06-03T13:35:16.432+0000] {logging_mixin.py:188} INFO - [2024-06-03T13:35:16.432+0000] {dagbag.py:538} INFO - Filling up the DagBag from /home/airflow/.local/lib/python3.8/site-packages/airflow/example_dags/example_python_decorator.py
[2024-06-03T13:35:16.454+0000] {processor.py:840} INFO - DAG(s) 'example_python_decorator' retrieved from /home/airflow/.local/lib/python3.8/site-packages/airflow/example_dags/example_python_decorator.py
[2024-06-03T13:35:16.488+0000] {logging_mixin.py:188} INFO - [2024-06-03T13:35:16.487+0000] {dag.py:3036} INFO - Sync 1 DAGs
[2024-06-03T13:35:16.504+0000] {logging_mixin.py:188} INFO - [2024-06-03T13:35:16.504+0000] {dag.py:3823} INFO - Setting next_dagrun for example_python_decorator to None, run_after=None
[2024-06-03T13:35:16.531+0000] {processor.py:183} INFO - Processing /home/airflow/.local/lib/python3.8/site-packages/airflow/example_dags/example_python_decorator.py took 0.112 seconds
