[2024-06-03T13:34:17.132+0000] {processor.py:161} INFO - Started process (PID=4918) to work on /home/airflow/.local/lib/python3.8/site-packages/airflow/example_dags/example_sensors.py
[2024-06-03T13:34:17.139+0000] {processor.py:830} INFO - Processing file /home/airflow/.local/lib/python3.8/site-packages/airflow/example_dags/example_sensors.py for tasks to queue
[2024-06-03T13:34:17.144+0000] {logging_mixin.py:188} INFO - [2024-06-03T13:34:17.143+0000] {dagbag.py:538} INFO - Filling up the DagBag from /home/airflow/.local/lib/python3.8/site-packages/airflow/example_dags/example_sensors.py
[2024-06-03T13:34:17.170+0000] {processor.py:840} INFO - DAG(s) 'example_sensors' retrieved from /home/airflow/.local/lib/python3.8/site-packages/airflow/example_dags/example_sensors.py
[2024-06-03T13:34:17.225+0000] {logging_mixin.py:188} INFO - [2024-06-03T13:34:17.224+0000] {dag.py:3036} INFO - Sync 1 DAGs
[2024-06-03T13:34:17.260+0000] {logging_mixin.py:188} INFO - [2024-06-03T13:34:17.258+0000] {dag.py:3823} INFO - Setting next_dagrun for example_sensors to None, run_after=None
[2024-06-03T13:34:17.303+0000] {processor.py:183} INFO - Processing /home/airflow/.local/lib/python3.8/site-packages/airflow/example_dags/example_sensors.py took 0.176 seconds
[2024-06-03T13:34:47.552+0000] {processor.py:161} INFO - Started process (PID=4985) to work on /home/airflow/.local/lib/python3.8/site-packages/airflow/example_dags/example_sensors.py
[2024-06-03T13:34:47.553+0000] {processor.py:830} INFO - Processing file /home/airflow/.local/lib/python3.8/site-packages/airflow/example_dags/example_sensors.py for tasks to queue
[2024-06-03T13:34:47.554+0000] {logging_mixin.py:188} INFO - [2024-06-03T13:34:47.554+0000] {dagbag.py:538} INFO - Filling up the DagBag from /home/airflow/.local/lib/python3.8/site-packages/airflow/example_dags/example_sensors.py
[2024-06-03T13:34:47.568+0000] {processor.py:840} INFO - DAG(s) 'example_sensors' retrieved from /home/airflow/.local/lib/python3.8/site-packages/airflow/example_dags/example_sensors.py
[2024-06-03T13:34:47.608+0000] {logging_mixin.py:188} INFO - [2024-06-03T13:34:47.607+0000] {dag.py:3036} INFO - Sync 1 DAGs
[2024-06-03T13:34:47.636+0000] {logging_mixin.py:188} INFO - [2024-06-03T13:34:47.635+0000] {dag.py:3823} INFO - Setting next_dagrun for example_sensors to None, run_after=None
[2024-06-03T13:34:47.665+0000] {processor.py:183} INFO - Processing /home/airflow/.local/lib/python3.8/site-packages/airflow/example_dags/example_sensors.py took 0.118 seconds
[2024-06-03T13:35:17.767+0000] {processor.py:161} INFO - Started process (PID=5052) to work on /home/airflow/.local/lib/python3.8/site-packages/airflow/example_dags/example_sensors.py
[2024-06-03T13:35:17.770+0000] {processor.py:830} INFO - Processing file /home/airflow/.local/lib/python3.8/site-packages/airflow/example_dags/example_sensors.py for tasks to queue
[2024-06-03T13:35:17.775+0000] {logging_mixin.py:188} INFO - [2024-06-03T13:35:17.772+0000] {dagbag.py:538} INFO - Filling up the DagBag from /home/airflow/.local/lib/python3.8/site-packages/airflow/example_dags/example_sensors.py
[2024-06-03T13:35:17.791+0000] {processor.py:840} INFO - DAG(s) 'example_sensors' retrieved from /home/airflow/.local/lib/python3.8/site-packages/airflow/example_dags/example_sensors.py
[2024-06-03T13:35:17.825+0000] {logging_mixin.py:188} INFO - [2024-06-03T13:35:17.824+0000] {dag.py:3036} INFO - Sync 1 DAGs
[2024-06-03T13:35:17.838+0000] {logging_mixin.py:188} INFO - [2024-06-03T13:35:17.838+0000] {dag.py:3823} INFO - Setting next_dagrun for example_sensors to None, run_after=None
[2024-06-03T13:35:17.865+0000] {processor.py:183} INFO - Processing /home/airflow/.local/lib/python3.8/site-packages/airflow/example_dags/example_sensors.py took 0.105 seconds
