[2024-06-03T13:34:10.771+0000] {processor.py:161} INFO - Started process (PID=4899) to work on /home/airflow/.local/lib/python3.8/site-packages/airflow/example_dags/example_external_task_marker_dag.py
[2024-06-03T13:34:10.775+0000] {processor.py:830} INFO - Processing file /home/airflow/.local/lib/python3.8/site-packages/airflow/example_dags/example_external_task_marker_dag.py for tasks to queue
[2024-06-03T13:34:10.778+0000] {logging_mixin.py:188} INFO - [2024-06-03T13:34:10.777+0000] {dagbag.py:538} INFO - Filling up the DagBag from /home/airflow/.local/lib/python3.8/site-packages/airflow/example_dags/example_external_task_marker_dag.py
[2024-06-03T13:34:10.803+0000] {processor.py:840} INFO - DAG(s) 'example_external_task_marker_parent', 'example_external_task_marker_child' retrieved from /home/airflow/.local/lib/python3.8/site-packages/airflow/example_dags/example_external_task_marker_dag.py
[2024-06-03T13:34:10.860+0000] {logging_mixin.py:188} INFO - [2024-06-03T13:34:10.860+0000] {dag.py:3036} INFO - Sync 2 DAGs
[2024-06-03T13:34:10.891+0000] {logging_mixin.py:188} INFO - [2024-06-03T13:34:10.891+0000] {dag.py:3823} INFO - Setting next_dagrun for example_external_task_marker_child to None, run_after=None
[2024-06-03T13:34:10.899+0000] {logging_mixin.py:188} INFO - [2024-06-03T13:34:10.899+0000] {dag.py:3823} INFO - Setting next_dagrun for example_external_task_marker_parent to None, run_after=None
[2024-06-03T13:34:10.961+0000] {processor.py:183} INFO - Processing /home/airflow/.local/lib/python3.8/site-packages/airflow/example_dags/example_external_task_marker_dag.py took 0.196 seconds
[2024-06-03T13:34:41.054+0000] {processor.py:161} INFO - Started process (PID=4966) to work on /home/airflow/.local/lib/python3.8/site-packages/airflow/example_dags/example_external_task_marker_dag.py
[2024-06-03T13:34:41.055+0000] {processor.py:830} INFO - Processing file /home/airflow/.local/lib/python3.8/site-packages/airflow/example_dags/example_external_task_marker_dag.py for tasks to queue
[2024-06-03T13:34:41.057+0000] {logging_mixin.py:188} INFO - [2024-06-03T13:34:41.057+0000] {dagbag.py:538} INFO - Filling up the DagBag from /home/airflow/.local/lib/python3.8/site-packages/airflow/example_dags/example_external_task_marker_dag.py
[2024-06-03T13:34:41.068+0000] {processor.py:840} INFO - DAG(s) 'example_external_task_marker_parent', 'example_external_task_marker_child' retrieved from /home/airflow/.local/lib/python3.8/site-packages/airflow/example_dags/example_external_task_marker_dag.py
[2024-06-03T13:34:41.103+0000] {logging_mixin.py:188} INFO - [2024-06-03T13:34:41.103+0000] {dag.py:3036} INFO - Sync 2 DAGs
[2024-06-03T13:34:41.122+0000] {logging_mixin.py:188} INFO - [2024-06-03T13:34:41.122+0000] {dag.py:3823} INFO - Setting next_dagrun for example_external_task_marker_child to None, run_after=None
[2024-06-03T13:34:41.128+0000] {logging_mixin.py:188} INFO - [2024-06-03T13:34:41.128+0000] {dag.py:3823} INFO - Setting next_dagrun for example_external_task_marker_parent to None, run_after=None
[2024-06-03T13:34:41.164+0000] {processor.py:183} INFO - Processing /home/airflow/.local/lib/python3.8/site-packages/airflow/example_dags/example_external_task_marker_dag.py took 0.116 seconds
[2024-06-03T13:35:11.679+0000] {processor.py:161} INFO - Started process (PID=5033) to work on /home/airflow/.local/lib/python3.8/site-packages/airflow/example_dags/example_external_task_marker_dag.py
[2024-06-03T13:35:11.680+0000] {processor.py:830} INFO - Processing file /home/airflow/.local/lib/python3.8/site-packages/airflow/example_dags/example_external_task_marker_dag.py for tasks to queue
[2024-06-03T13:35:11.682+0000] {logging_mixin.py:188} INFO - [2024-06-03T13:35:11.682+0000] {dagbag.py:538} INFO - Filling up the DagBag from /home/airflow/.local/lib/python3.8/site-packages/airflow/example_dags/example_external_task_marker_dag.py
[2024-06-03T13:35:11.694+0000] {processor.py:840} INFO - DAG(s) 'example_external_task_marker_child', 'example_external_task_marker_parent' retrieved from /home/airflow/.local/lib/python3.8/site-packages/airflow/example_dags/example_external_task_marker_dag.py
[2024-06-03T13:35:11.726+0000] {logging_mixin.py:188} INFO - [2024-06-03T13:35:11.725+0000] {dag.py:3036} INFO - Sync 2 DAGs
[2024-06-03T13:35:11.740+0000] {logging_mixin.py:188} INFO - [2024-06-03T13:35:11.740+0000] {dag.py:3823} INFO - Setting next_dagrun for example_external_task_marker_child to None, run_after=None
[2024-06-03T13:35:11.745+0000] {logging_mixin.py:188} INFO - [2024-06-03T13:35:11.744+0000] {dag.py:3823} INFO - Setting next_dagrun for example_external_task_marker_parent to None, run_after=None
[2024-06-03T13:35:11.769+0000] {processor.py:183} INFO - Processing /home/airflow/.local/lib/python3.8/site-packages/airflow/example_dags/example_external_task_marker_dag.py took 0.094 seconds
